aDocumentationOfThisFolder.txt
besetungsgsz
chiPiPi
chiPI_wim
chiSC_test
chiSC_wim
dos.dat
ed_dmft_parallel_frequencies_corrected_and_commented.f
ed_dmft_parallel_frequencies.f~
fort.1001
fort.1002
fort.1003
fort.1004
fort.102
fort.2001
fort.2002
fort.2003
fort.2004
fort.22
fort.45
fort.62
fort.63
fort.72
fort.78
fort.86
f.out
g0m
g0mand
GAMMA_WIM
gm_wim
gm_wre
gw_cut
hubb.andpar
hubb.andpar_bak
hubb.dat
init.h
run.out
run.sh
run.x
self-en_wim
SELF_LOC
SELF_Q
testdensity
testg0
tmp.out
tpri.dat
vert_chi
vsmu
zustandsdicht
