 2D-simple cubic lattice
 # of sites      =     5

 number of conduction bath levels =           4
 number of iterations :        1000
 nmax         100 nmaxx         100
 U  =    2.0000000000000000     
 mu =    1.0000000000000000     
 h =    0.0000000000000000     
 beta =   35.000000000000000     
 Iwmax =       32768
 for real frequencies:   -12.000000000000000        12.000000000000000     
 Working at fixed mu =   1.0000000000000000     
 Initial mu =   1.0000000000000000     
 # of independent blocks:          36
 ------------------------------------------------
 starting Anderson parameters 
 ------------------------------------------------
 Eps(k) 
         0.5000000000000000
         1.0000000000000000
        -0.5000000000000000
        -1.0000000000000000
 V(k) 
         0.2500000000000000
         0.2500000000000000
         0.2500000000000000
         0.2500000000000000
         1.0000000000000000   #chemical potential
 ------------------------------------------------
    Iteration :            1
 ------------------------------------------------
 Threshold for n=   1.0000000000000000E-004
  -4.1565217017682388     
 Green-Function started
 Green-Function finished
 densimp =   0.99999999999991873     
 SELF_CONSISTENCY LOOP
 for the 2D-cubic
 Check momentum sum:    1.0000000000000000     
 Difference to orbital 1 for orbital           2         (2.18087029349740214E-013,0.0000000000000000)
 Difference to orbital 1 for orbital           3         (2.19356466713761906E-013,0.0000000000000000)
 minimization
 iexit fmin     1  0.889824E-06
 ------------------------------------------------
 new Anderson parameters 
 ------------------------------------------------
 Eps(k) 
         0.4693197221329647
         0.9968337149091779
        -0.4696341506967899
        -0.9969415916128642
 V(k) 
         0.2716886150975706
         0.2262958916927882
         0.2717613438020174
         0.2261000615750729
         1.0000000000000000   #chemical potential
 ------------------------------------------------
 convergence parameter :  0.4949734242E-03
 ------------------------------------------------
    Iteration :            2
 ------------------------------------------------
 Threshold for n=   1.0000000000000000E-004
  -4.0987641707392051     
 Green-Function started
 Green-Function finished
 densimp =   0.99998404696166909     
 SELF_CONSISTENCY LOOP
 for the 2D-cubic
 Check momentum sum:    1.0000000000000000     
 Difference to orbital 1 for orbital           2         (2.15782244338060538E-013,0.0000000000000000)
 Difference to orbital 1 for orbital           3         (2.11265838783404509E-013,0.0000000000000000)
 minimization
 iexit fmin     1  0.121547E-05
 ------------------------------------------------
 new Anderson parameters 
 ------------------------------------------------
 Eps(k) 
         0.4424262647217141
         0.9970978731009550
        -0.4434351612945820
        -0.9972308398365416
 V(k) 
         0.2814880184087623
         0.2138613651198233
         0.2815616116061798
         0.2138945321206802
         1.0000000000000000   #chemical potential
 ------------------------------------------------
 convergence parameter :  0.2381830620E-03
 ------------------------------------------------
    Iteration :            3
 ------------------------------------------------
 Threshold for n=   1.0000000000000000E-004
  -4.0535479598093289     
 Green-Function started
 Green-Function finished
 densimp =   0.99995582110514425     
 SELF_CONSISTENCY LOOP
 for the 2D-cubic
 Check momentum sum:    1.0000000000000000     
 Difference to orbital 1 for orbital           2         (2.26607781439466479E-013,0.0000000000000000)
 Difference to orbital 1 for orbital           3         (2.17486045340197832E-013,0.0000000000000000)
 minimization
 iexit fmin     1  0.152592E-05
 ------------------------------------------------
 new Anderson parameters 
 ------------------------------------------------
 Eps(k) 
         0.4237726361399773
         0.9972430285185275
        -0.4254153298687420
        -0.9973739044650091
 V(k) 
         0.2873665900162140
         0.2057608630074615
         0.2875248630253898
         0.2059426214728478
         1.0000000000000000   #chemical potential
 ------------------------------------------------
 convergence parameter :  0.1089603388E-03
 ------------------------------------------------
    Iteration :            4
 ------------------------------------------------
 Threshold for n=   1.0000000000000000E-004
  -4.0227172130116982     
 Green-Function started
 Green-Function finished
 densimp =   0.99993355859276578     
 SELF_CONSISTENCY LOOP
 for the 2D-cubic
 Check momentum sum:    1.0000000000000000     
 Difference to orbital 1 for orbital           2         (2.20368543275760898E-013,0.0000000000000000)
 Difference to orbital 1 for orbital           3         (2.17808961885500392E-013,0.0000000000000000)
 minimization
 iexit fmin     1  0.178884E-05
 ------------------------------------------------
 new Anderson parameters 
 ------------------------------------------------
 Eps(k) 
         0.4108212467025032
         0.9973409728955354
        -0.4131131713127595
        -0.9974597971589761
 V(k) 
         0.2910173066433249
         0.2004136125900978
         0.2912613703518160
         0.2007738161798831
         1.0000000000000000   #chemical potential
 ------------------------------------------------
 convergence parameter :  0.5021217728E-04
 ------------------------------------------------
    Iteration :            5
 ------------------------------------------------
 Threshold for n=   1.0000000000000000E-004
  -4.0018561109673580     
 Green-Function started
 Green-Function finished
 densimp =   0.99990793480013063     
 SELF_CONSISTENCY LOOP
 for the 2D-cubic
 Check momentum sum:    1.0000000000000000     
 Difference to orbital 1 for orbital           2         (2.29359671701168738E-013,0.0000000000000000)
 Difference to orbital 1 for orbital           3         (2.21537883632341452E-013,0.0000000000000000)
 minimization
 iexit fmin     1  0.199673E-05
 ------------------------------------------------
 new Anderson parameters 
 ------------------------------------------------
 Eps(k) 
         0.4018710781930364
         0.9974139422322232
        -0.4047756660722186
        -0.9975179745640349
 V(k) 
         0.2933227026719605
         0.1968761411231935
         0.2936438842875653
         0.1974204811415677
         1.0000000000000000   #chemical potential
 ------------------------------------------------
 convergence parameter :  0.2304725036E-04
 ------------------------------------------------
    Iteration :            6
 ------------------------------------------------
 Threshold for n=   1.0000000000000000E-004
  -3.9878274170214869     
 Green-Function started
 Green-Function finished
 densimp =   0.99988154497413639     
 SELF_CONSISTENCY LOOP
 for the 2D-cubic
 Check momentum sum:    1.0000000000000000     
 Difference to orbital 1 for orbital           2         (2.21653954254851375E-013,0.0000000000000000)
 Difference to orbital 1 for orbital           3         (2.09881286488142729E-013,0.0000000000000000)
 minimization
 iexit fmin     1  0.215266E-05
 ------------------------------------------------
 new Anderson parameters 
 ------------------------------------------------
 Eps(k) 
         0.3957598447008716
         0.9974659711195563
        -0.3991835203491630
        -0.9975559646668751
 V(k) 
         0.2947954690599086
         0.1945266036695076
         0.2951904034717320
         0.1952374389935262
         1.0000000000000000   #chemical potential
 ------------------------------------------------
 convergence parameter :  0.1043377257E-04
 ------------------------------------------------
    Iteration :            7
 ------------------------------------------------
 Threshold for n=   1.0000000000000000E-004
  -3.9784750228306240     
 Green-Function started
 Green-Function finished
 densimp =   0.99985984532776773     
 SELF_CONSISTENCY LOOP
 for the 2D-cubic
 Check momentum sum:    1.0000000000000000     
 Difference to orbital 1 for orbital           2         (2.20822859133688961E-013,0.0000000000000000)
 Difference to orbital 1 for orbital           3         (2.28153577092848270E-013,0.0000000000000000)
 minimization
 iexit fmin     1  0.227295E-06
 ------------------------------------------------
 new Anderson parameters 
 ------------------------------------------------
 Eps(k) 
         0.2309294611947396
         1.0401424744018775
        -0.1888454407579144
        -1.0350905421386840
 V(k) 
         0.2170309609097339
         0.2654817318913419
         0.1860009704210975
         0.3127629310531880
         1.0000000000000000   #chemical potential
 ------------------------------------------------
 convergence parameter :  0.1393222675E-01
 ------------------------------------------------
    Iteration :            8
 ------------------------------------------------
 Threshold for n=   1.0000000000000000E-004
  -3.6204067153259651     
 Green-Function started
 Green-Function finished
 densimp =   0.99915109868200913     
 SELF_CONSISTENCY LOOP
 for the 2D-cubic
 Check momentum sum:    1.0000000000000000     
 Difference to orbital 1 for orbital           2         (2.12964580789062744E-013,0.0000000000000000)
 Difference to orbital 1 for orbital           3         (2.21979579959366877E-013,0.0000000000000000)
 minimization
 iexit fmin     1  0.122235E-06
 ------------------------------------------------
 new Anderson parameters 
 ------------------------------------------------
 Eps(k) 
         0.1305104319512161
         1.0509231470383837
        -0.1416447699216398
        -1.0504106529856896
 V(k) 
         0.1774340974741723
         0.3060261229498838
         0.1792646135786785
         0.3045149445335575
         1.0000000000000000   #chemical potential
 ------------------------------------------------
 convergence parameter :  0.1998497561E-02
 ------------------------------------------------
    Iteration :            9
 ------------------------------------------------
 Threshold for n=   1.0000000000000000E-004
  -3.5589437068566694     
 Green-Function started
 Green-Function finished
 densimp =   0.99999010043202530     
 SELF_CONSISTENCY LOOP
 for the 2D-cubic
 Check momentum sum:    1.0000000000000000     
 Difference to orbital 1 for orbital           2         (2.25112118079991124E-013,0.0000000000000000)
 Difference to orbital 1 for orbital           3         (2.19427009798692265E-013,0.0000000000000000)
 minimization
 iexit fmin     1  0.100202E-06
 ------------------------------------------------
 new Anderson parameters 
 ------------------------------------------------
 Eps(k) 
         0.0935251888513337
         1.0524830100728635
        -0.1097269996212009
        -1.0527729734884117
 V(k) 
         0.1726174007109840
         0.3120701591443164
         0.1760130045136335
         0.3030426883881350
         1.0000000000000000   #chemical potential
 ------------------------------------------------
 convergence parameter :  0.3083921800E-03
 ------------------------------------------------
    Iteration :           10
 ------------------------------------------------
 Threshold for n=   1.0000000000000000E-004
  -3.5098704255474140     
 Green-Function started
 Green-Function finished
 densimp =    1.0001488448560290     
 SELF_CONSISTENCY LOOP
 for the 2D-cubic
 Check momentum sum:    1.0000000000000000     
 Difference to orbital 1 for orbital           2         (2.27396466708710252E-013,0.0000000000000000)
 Difference to orbital 1 for orbital           3         (2.25895879349492283E-013,0.0000000000000000)
 minimization
 iexit fmin     1  0.108048E-06
 ------------------------------------------------
 new Anderson parameters 
 ------------------------------------------------
 Eps(k) 
         0.0866131033159359
         1.0522592208004000
        -0.1036581590646568
        -1.0525513149090993
 V(k) 
         0.1796139299896018
         0.3077476748506816
         0.1824850192727088
         0.2995486980755027
         1.0000000000000000   #chemical potential
 ------------------------------------------------
 convergence parameter :  0.2580465026E-04
 ------------------------------------------------
    Iteration :           11
 ------------------------------------------------
 Threshold for n=   1.0000000000000000E-004
  -3.5078063966463371     
 Green-Function started
 Green-Function finished
 densimp =    1.0001351941375320     
 SELF_CONSISTENCY LOOP
 for the 2D-cubic
 Check momentum sum:    1.0000000000000000     
 Difference to orbital 1 for orbital           2         (2.22534772219395027E-013,0.0000000000000000)
 Difference to orbital 1 for orbital           3         (2.22502872918093107E-013,0.0000000000000000)
 minimization
 iexit fmin     1  0.712666E-07
 ------------------------------------------------
 new Anderson parameters 
 ------------------------------------------------
 Eps(k) 
         0.0964763654285304
         1.0510823394208957
        -0.0999937552623705
        -1.0506608842732759
 V(k) 
         0.1879803155407874
         0.3002352834144019
         0.1887668688804907
         0.2981429938390561
         1.0000000000000000   #chemical potential
 ------------------------------------------------
 convergence parameter :  0.3544258046E-04
 ------------------------------------------------
    Iteration :           12
 ------------------------------------------------
 Threshold for n=   1.0000000000000000E-004
  -3.5027902631211365     
 Green-Function started
 Green-Function finished
 densimp =    1.0000336533747622     
 SELF_CONSISTENCY LOOP
 for the 2D-cubic
 Check momentum sum:    1.0000000000000000     
 Difference to orbital 1 for orbital           2         (2.41544702111540260E-013,0.0000000000000000)
 Difference to orbital 1 for orbital           3         (2.21933466262361040E-013,0.0000000000000000)
 minimization
 iexit fmin     3  0.851340E-07
 ------------------------------------------------
 new Anderson parameters 
 ------------------------------------------------
 Eps(k) 
         0.0973107765548292
         1.0491524331368947
        -0.1054217123016542
        -1.0499790239068350
 V(k) 
         0.1911228205007540
         0.3002113478727030
         0.1940365677983943
         0.2927371251640464
         1.0000000000000000   #chemical potential
 ------------------------------------------------
 convergence parameter :  0.1265218557E-04
 ------------------------------------------------
    Iteration :           13
 ------------------------------------------------
 Threshold for n=   1.0000000000000000E-004
  -3.5149540382414859     
 Green-Function started
 Green-Function finished
 densimp =    1.0001120785184068     
 SELF_CONSISTENCY LOOP
 for the 2D-cubic
 Check momentum sum:    1.0000000000000000     
 Difference to orbital 1 for orbital           2         (2.36356682862796881E-013,0.0000000000000000)
 Difference to orbital 1 for orbital           3         (2.30387499826836788E-013,0.0000000000000000)
 minimization
 iexit fmin     1  0.820973E-07
 ------------------------------------------------
 new Anderson parameters 
 ------------------------------------------------
 Eps(k) 
         0.0993668188915784
         1.0486854861109660
        -0.1064594249850186
        -1.0498306460767022
 V(k) 
         0.1931067265269724
         0.2987371753604594
         0.1958723330274167
         0.2917189081668997
         1.0000000000000000   #chemical potential
 ------------------------------------------------
 convergence parameter :  0.2007510094E-05
 ------------------------------------------------
    Iteration :           14
 ------------------------------------------------
 Threshold for n=   1.0000000000000000E-004
  -3.5178497015327297     
 Green-Function started
 Green-Function finished
 densimp =    1.0001062525006839     
 SELF_CONSISTENCY LOOP
 for the 2D-cubic
 Check momentum sum:    1.0000000000000000     
 Difference to orbital 1 for orbital           2         (2.23046084962506626E-013,0.0000000000000000)
 Difference to orbital 1 for orbital           3         (2.26154441513306341E-013,0.0000000000000000)
 minimization
 iexit fmin     1  0.841715E-07
 ------------------------------------------------
 new Anderson parameters 
 ------------------------------------------------
 Eps(k) 
         0.1000908349457799
         1.0484723779144041
        -0.1072784122882010
        -1.0497748292954840
 V(k) 
         0.1940164378511225
         0.2980069520940778
         0.1967662465667335
         0.2912602316815650
         1.0000000000000000   #chemical potential
 ------------------------------------------------
 convergence parameter :  0.4517170390E-06
 ------------------------------------------------
    Iteration :           15
 ------------------------------------------------
 Threshold for n=   1.0000000000000000E-004
  -3.5198758968124251     
 Green-Function started
 Green-Function finished
 densimp =    1.0001008588762692     
 SELF_CONSISTENCY LOOP
 for the 2D-cubic
 Check momentum sum:    1.0000000000000000     
 Difference to orbital 1 for orbital           2         (2.22201444613070177E-013,0.0000000000000000)
 Difference to orbital 1 for orbital           3         (2.28432933458216193E-013,0.0000000000000000)
 minimization
 iexit fmin     1  0.894822E-07
 ------------------------------------------------
 new Anderson parameters 
 ------------------------------------------------
 Eps(k) 
         0.1000878834476890
         1.0484714043610952
        -0.1072722769193758
        -1.0497740582296597
 V(k) 
         0.1940335969125631
         0.2979929535379429
         0.1967832318450514
         0.2912516481936595
         1.0000000000000000   #chemical potential
 ------------------------------------------------
 convergence parameter :  0.1125581685E-09
  -3.5198842826781553     
 Green-Function started
 Green-Function finished
 Real Green-Function started
 Real Green-Function finished
 Now computing Matsubara self-energy
 Pi is equal to    3.1415926535897931     
 Now computing self-energy on the real axis
 Average Double Occupancy :   8.4609480988919905E-002
 Computing the interacting DOS
 Final Spectral weight check=  0.99895034758048207     
 ------------------------------------------------
 final Anderson parameters 
 ------------------------------------------------
 cut from the following line...
 Eps(k) 
         0.1000878834476890
         1.0484714043610952
        -0.1072722769193758
        -1.0497740582296597
 V(k) 
         0.1940335969125631
         0.2979929535379429
         0.1967832318450514
         0.2912516481936595
         1.0000000000000000   #chemical potential
 ...to the line above and copy into hubb.andpar
 ------------------------------------------------
 sig0 =              (1.0002327793287458,-0.22832303727984304)
 zed =   0.28218999070532547     
 DOSTEST=  0.25000000000000000     
       End lisalanc 
                    ========================================
