 3D cubic lattice
 # of sites      =     5

 number of conduction bath levels =           4
 number of iterations :           5
 nmax         100 nmaxx         100
 U  =    2.0000000000000000     
 mu =    1.0000000000000000     
 h =    0.0000000000000000     
 beta =   30.000000000000000     
 Iwmax =          32
 for real frequencies:   -12.000000000000000        12.000000000000000     
 Working at fixed mu =   1.0000000000000000     
 Initial mu =   1.0000000000000000     
 # of independent blocks:          36
 ------------------------------------------------
 starting Anderson parameters 
 ------------------------------------------------
 Eps(k) 
         1.0000000000000000
        -1.0000000000000000
         0.5000000000000000
        -0.5000000000000000
 V(k) 
         0.2500000000000000
         0.1000000000000000
         0.2500000000000000
         0.1000000000000000
         1.0000000000000000   #chemical potential
 ------------------------------------------------
    Iteration :            1
 ------------------------------------------------
 Threshold for n=   1.0000000000000000E-004
  -4.0843679810470741     
 Green-Function started
 Green-Function finished
 densimp =   0.96901943409886637     
 for the 3D-cubic
 Variance =   0.50000000000000000      D =    1.2247448713915892     
 for the 3D-cubic
 Variance =   0.50000000000000000      D =    1.2247448713915892     
 for the 3D-cubic
 Variance =   0.50000000000000000      D =    1.2247448713915892     
 for the 3D-cubic
 Variance =   0.50000000000000000      D =    1.2247448713915892     
 SELF_CONSISTENCY LOOP
 for the 2D-cubic
 for the 3D-cubic
 Variance =   0.50000000000000000      D =    1.2247448713915892     
 for the 3D-cubic
 Variance =   0.50000000000000000      D =    1.2247448713915892     
 for the 3D-cubic
 for the 3D-cubic
 Variance =   0.50000000000000000      D =    1.2247448713915892     
 for the 3D-cubic
 Variance =   0.50000000000000000      D =    1.2247448713915892     
 for the 3D-cubic
 Variance =   0.50000000000000000      D =    1.2247448713915892     
 for the 3D-cubic
 Variance =   0.50000000000000000      D =    1.2247448713915892     
 for the 3D-cubic
 Variance =   0.50000000000000000      D =    1.2247448713915892     
 for the 3D-cubic
 Variance =   0.50000000000000000      D =    1.2247448713915892     
 Variance =   0.50000000000000000      D =    1.2247448713915892     
 for the 3D-cubic
 Variance =   0.50000000000000000      D =    1.2247448713915892     
 for the 3D-cubic
 Variance =   0.50000000000000000      D =    1.2247448713915892     
 for the 3D-cubic
 Variance =   0.50000000000000000      D =    1.2247448713915892     
 for the 3D-cubic
 Variance =   0.50000000000000000      D =    1.2247448713915892     
 for the 3D-cubic
 Variance =   0.50000000000000000      D =    1.2247448713915892     
 for the 3D-cubic
 Variance =   0.50000000000000000      D =    1.2247448713915892     
 for the 3D-cubic
 Variance =   0.50000000000000000      D =    1.2247448713915892     
 for the 3D-cubic
 Variance =   0.50000000000000000      D =    1.2247448713915892     
 for the 3D-cubic
 Variance =   0.50000000000000000      D =    1.2247448713915892     
 for the 3D-cubic
 Variance =   0.50000000000000000      D =    1.2247448713915892     
 for the 3D-cubic
 for the 3D-cubic
 for the 3D-cubic
 Variance =   0.50000000000000000      D =    1.2247448713915892     
 for the 3D-cubic
 Variance =   0.50000000000000000      D =    1.2247448713915892     
 for the 3D-cubic
 Variance =   0.50000000000000000      D =    1.2247448713915892     
 Variance =   0.50000000000000000      D =    1.2247448713915892     
 Variance =   0.50000000000000000      D =    1.2247448713915892     
 for the 3D-cubic
 for the 3D-cubic
 Variance =   0.50000000000000000      D =    1.2247448713915892     
 Variance =   0.50000000000000000      D =    1.2247448713915892     
 for the 3D-cubic
 Variance =   0.50000000000000000      D =    1.2247448713915892     
 for the 3D-cubic
 Variance =   0.50000000000000000      D =    1.2247448713915892     
 for the 3D-cubic
 Variance =   0.50000000000000000      D =    1.2247448713915892     
 for the 3D-cubic
 Variance =   0.50000000000000000      D =    1.2247448713915892     
 for the 3D-cubic
 Variance =   0.50000000000000000      D =    1.2247448713915892     
 for the 3D-cubic
 Variance =   0.50000000000000000      D =    1.2247448713915892     
 Difference to orbital 1 for orbital           2               (0.0000000000000000,0.0000000000000000)
 Difference to orbital 1 for orbital           3               (0.0000000000000000,0.0000000000000000)
 minimization
 iexit fmin     3           NaN
 ------------------------------------------------
 new Anderson parameters 
 ------------------------------------------------
 Eps(k) 
                        NaN
                        NaN
                        NaN
                        NaN
 V(k) 
                        NaN
                        NaN
                        NaN
                        NaN
         1.0000000000000000   #chemical potential
 ------------------------------------------------
 convergence parameter :               NaN
 ------------------------------------------------
    Iteration :            2
 ------------------------------------------------
 Threshold for n=   1.0000000000000000E-004
   10000000000000000.     
 Green-Function started
 Green-Function finished
 densimp =                        NaN
 for the 3D-cubic
 Variance =   0.50000000000000000      D =    1.2247448713915892     
 for the 3D-cubic
 Variance =   0.50000000000000000      D =    1.2247448713915892     
 for the 3D-cubic
 for the 3D-cubic
 Variance =   0.50000000000000000      D =    1.2247448713915892     
 for the 3D-cubic
 Variance =   0.50000000000000000      D =    1.2247448713915892     
 for the 3D-cubic
 Variance =   0.50000000000000000      D =    1.2247448713915892     
 for the 3D-cubic
 Variance =   0.50000000000000000      D =    1.2247448713915892     
 for the 3D-cubic
 Variance =   0.50000000000000000      D =    1.2247448713915892     
 for the 3D-cubic
 Variance =   0.50000000000000000      D =    1.2247448713915892     
 for the 3D-cubic
 Variance =   0.50000000000000000      D =    1.2247448713915892     
 for the 3D-cubic
 Variance =   0.50000000000000000      D =    1.2247448713915892     
 Variance =   0.50000000000000000      D =    1.2247448713915892     
 for the 3D-cubic
 Variance =   0.50000000000000000      D =    1.2247448713915892     
 for the 3D-cubic
 Variance =   0.50000000000000000      D =    1.2247448713915892     
 for the 3D-cubic
 Variance =   0.50000000000000000      D =    1.2247448713915892     
 for the 3D-cubic
 Variance =   0.50000000000000000      D =    1.2247448713915892     
 for the 3D-cubic
 Variance =   0.50000000000000000      D =    1.2247448713915892     
 for the 3D-cubic
 Variance =   0.50000000000000000      D =    1.2247448713915892     
 for the 3D-cubic
 Variance =   0.50000000000000000      D =    1.2247448713915892     
 for the 3D-cubic
 Variance =   0.50000000000000000      D =    1.2247448713915892     
 for the 3D-cubic
 Variance =   0.50000000000000000      D =    1.2247448713915892     
 SELF_CONSISTENCY LOOP
 for the 2D-cubic
 for the 3D-cubic
 Variance =   0.50000000000000000      D =    1.2247448713915892     
 for the 3D-cubic
 Variance =   0.50000000000000000      D =    1.2247448713915892     
 for the 3D-cubic
 Variance =   0.50000000000000000      D =    1.2247448713915892     
 for the 3D-cubic
 Variance =   0.50000000000000000      D =    1.2247448713915892     
 for the 3D-cubic
 Variance =   0.50000000000000000      D =    1.2247448713915892     
 for the 3D-cubic
 Variance =   0.50000000000000000      D =    1.2247448713915892     
 for the 3D-cubic
 Variance =   0.50000000000000000      D =    1.2247448713915892     
 for the 3D-cubic
 Variance =   0.50000000000000000      D =    1.2247448713915892     
 for the 3D-cubic
 Variance =   0.50000000000000000      D =    1.2247448713915892     
 for the 3D-cubic
 Variance =   0.50000000000000000      D =    1.2247448713915892     
 for the 3D-cubic
 Variance =   0.50000000000000000      D =    1.2247448713915892     
 for the 3D-cubic
 Variance =   0.50000000000000000      D =    1.2247448713915892     
 for the 3D-cubic
 Variance =   0.50000000000000000      D =    1.2247448713915892     
 for the 3D-cubic
 Variance =   0.50000000000000000      D =    1.2247448713915892     
 for the 3D-cubic
 for the 3D-cubic
 Variance =   0.50000000000000000      D =    1.2247448713915892     
 Variance =   0.50000000000000000      D =    1.2247448713915892     
 Difference to orbital 1 for orbital           2               (0.0000000000000000,0.0000000000000000)
 Difference to orbital 1 for orbital           3               (0.0000000000000000,0.0000000000000000)
 minimization
 iexit fmin     3           NaN
 ------------------------------------------------
 new Anderson parameters 
 ------------------------------------------------
 Eps(k) 
                        NaN
                        NaN
                        NaN
                        NaN
 V(k) 
                        NaN
                        NaN
                        NaN
                        NaN
         1.0000000000000000   #chemical potential
 ------------------------------------------------
 convergence parameter :               NaN
 ------------------------------------------------
    Iteration :            3
 ------------------------------------------------
 Threshold for n=   1.0000000000000000E-004
   10000000000000000.     
 Green-Function started
 Green-Function finished
 densimp =                        NaN
 for the 3D-cubic
 Variance =   0.50000000000000000      D =    1.2247448713915892     
 for the 3D-cubic
 Variance =   0.50000000000000000      D =    1.2247448713915892     
 for the 3D-cubic
 for the 3D-cubic
 Variance =   0.50000000000000000      D =    1.2247448713915892     
 for the 3D-cubic
 Variance =   0.50000000000000000      D =    1.2247448713915892     
 for the 3D-cubic
 Variance =   0.50000000000000000      D =    1.2247448713915892     
 for the 3D-cubic
 Variance =   0.50000000000000000      D =    1.2247448713915892     
 for the 3D-cubic
 Variance =   0.50000000000000000      D =    1.2247448713915892     
 for the 3D-cubic
 Variance =   0.50000000000000000      D =    1.2247448713915892     
 for the 3D-cubic
 Variance =   0.50000000000000000      D =    1.2247448713915892     
 for the 3D-cubic
 Variance =   0.50000000000000000      D =    1.2247448713915892     
 for the 3D-cubic
 Variance =   0.50000000000000000      D =    1.2247448713915892     
 for the 3D-cubic
 Variance =   0.50000000000000000      D =    1.2247448713915892     
 Variance =   0.50000000000000000      D =    1.2247448713915892     
 for the 3D-cubic
 Variance =   0.50000000000000000      D =    1.2247448713915892     
 for the 3D-cubic
 for the 3D-cubic
 Variance =   0.50000000000000000      D =    1.2247448713915892     
 Variance =   0.50000000000000000      D =    1.2247448713915892     
 for the 3D-cubic
 Variance =   0.50000000000000000      D =    1.2247448713915892     
 for the 3D-cubic
 Variance =   0.50000000000000000      D =    1.2247448713915892     
 for the 3D-cubic
 Variance =   0.50000000000000000      D =    1.2247448713915892     
 for the 3D-cubic
 Variance =   0.50000000000000000      D =    1.2247448713915892     
 for the 3D-cubic
 Variance =   0.50000000000000000      D =    1.2247448713915892     
 for the 3D-cubic
 Variance =   0.50000000000000000      D =    1.2247448713915892     
 for the 3D-cubic
 Variance =   0.50000000000000000      D =    1.2247448713915892     
 for the 3D-cubic
 Variance =   0.50000000000000000      D =    1.2247448713915892     
 for the 3D-cubic
 Variance =   0.50000000000000000      D =    1.2247448713915892     
 for the 3D-cubic
 Variance =   0.50000000000000000      D =    1.2247448713915892     
 for the 3D-cubic
 Variance =   0.50000000000000000      D =    1.2247448713915892     
 for the 3D-cubic
 Variance =   0.50000000000000000      D =    1.2247448713915892     
 for the 3D-cubic
 Variance =   0.50000000000000000      D =    1.2247448713915892     
 for the 3D-cubic
 Variance =   0.50000000000000000      D =    1.2247448713915892     
 for the 3D-cubic
 Variance =   0.50000000000000000      D =    1.2247448713915892     
 for the 3D-cubic
 Variance =   0.50000000000000000      D =    1.2247448713915892     
 SELF_CONSISTENCY LOOP
 for the 2D-cubic
 for the 3D-cubic
 Variance =   0.50000000000000000      D =    1.2247448713915892     
 for the 3D-cubic
 for the 3D-cubic
 Variance =   0.50000000000000000      D =    1.2247448713915892     
 for the 3D-cubic
 Variance =   0.50000000000000000      D =    1.2247448713915892     
 Variance =   0.50000000000000000      D =    1.2247448713915892     
 Difference to orbital 1 for orbital           2               (0.0000000000000000,0.0000000000000000)
 Difference to orbital 1 for orbital           3               (0.0000000000000000,0.0000000000000000)
 minimization
 iexit fmin     3           NaN
 ------------------------------------------------
 new Anderson parameters 
 ------------------------------------------------
 Eps(k) 
                        NaN
                        NaN
                        NaN
                        NaN
 V(k) 
                        NaN
                        NaN
                        NaN
                        NaN
         1.0000000000000000   #chemical potential
 ------------------------------------------------
 convergence parameter :               NaN
 ------------------------------------------------
    Iteration :            4
 ------------------------------------------------
 Threshold for n=   1.0000000000000000E-004
   10000000000000000.     
 Green-Function started
 Green-Function finished
 densimp =                        NaN
 for the 3D-cubic
 Variance =   0.50000000000000000      D =    1.2247448713915892     
 for the 3D-cubic
 Variance =   0.50000000000000000      D =    1.2247448713915892     
 for the 3D-cubic
 Variance =   0.50000000000000000      D =    1.2247448713915892     
 for the 3D-cubic
 Variance =   0.50000000000000000      D =    1.2247448713915892     
 for the 3D-cubic
 SELF_CONSISTENCY LOOP
 for the 2D-cubic
 for the 3D-cubic
 Variance =   0.50000000000000000      D =    1.2247448713915892     
 for the 3D-cubic
 Variance =   0.50000000000000000      D =    1.2247448713915892     
 for the 3D-cubic
 Variance =   0.50000000000000000      D =    1.2247448713915892     
 for the 3D-cubic
 Variance =   0.50000000000000000      D =    1.2247448713915892     
 for the 3D-cubic
 Variance =   0.50000000000000000      D =    1.2247448713915892     
 for the 3D-cubic
 Variance =   0.50000000000000000      D =    1.2247448713915892     
 for the 3D-cubic
 Variance =   0.50000000000000000      D =    1.2247448713915892     
 for the 3D-cubic
 Variance =   0.50000000000000000      D =    1.2247448713915892     
 for the 3D-cubic
 Variance =   0.50000000000000000      D =    1.2247448713915892     
 Variance =   0.50000000000000000      D =    1.2247448713915892     
 for the 3D-cubic
 Variance =   0.50000000000000000      D =    1.2247448713915892     
 for the 3D-cubic
 Variance =   0.50000000000000000      D =    1.2247448713915892     
 for the 3D-cubic
 Variance =   0.50000000000000000      D =    1.2247448713915892     
 for the 3D-cubic
 Variance =   0.50000000000000000      D =    1.2247448713915892     
 for the 3D-cubic
 Variance =   0.50000000000000000      D =    1.2247448713915892     
 for the 3D-cubic
 Variance =   0.50000000000000000      D =    1.2247448713915892     
 for the 3D-cubic
 Variance =   0.50000000000000000      D =    1.2247448713915892     
 for the 3D-cubic
 Variance =   0.50000000000000000      D =    1.2247448713915892     
 for the 3D-cubic
 for the 3D-cubic
 Variance =   0.50000000000000000      D =    1.2247448713915892     
 for the 3D-cubic
 Variance =   0.50000000000000000      D =    1.2247448713915892     
 for the 3D-cubic
 Variance =   0.50000000000000000      D =    1.2247448713915892     
 for the 3D-cubic
 Variance =   0.50000000000000000      D =    1.2247448713915892     
 Variance =   0.50000000000000000      D =    1.2247448713915892     
 for the 3D-cubic
 Variance =   0.50000000000000000      D =    1.2247448713915892     
 for the 3D-cubic
 Variance =   0.50000000000000000      D =    1.2247448713915892     
 for the 3D-cubic
 Variance =   0.50000000000000000      D =    1.2247448713915892     
 for the 3D-cubic
 for the 3D-cubic
 Variance =   0.50000000000000000      D =    1.2247448713915892     
 Variance =   0.50000000000000000      D =    1.2247448713915892     
 for the 3D-cubic
 Variance =   0.50000000000000000      D =    1.2247448713915892     
 for the 3D-cubic
 Variance =   0.50000000000000000      D =    1.2247448713915892     
 for the 3D-cubic
 Variance =   0.50000000000000000      D =    1.2247448713915892     
 for the 3D-cubic
 Variance =   0.50000000000000000      D =    1.2247448713915892     
 Difference to orbital 1 for orbital           2               (0.0000000000000000,0.0000000000000000)
 Difference to orbital 1 for orbital           3               (0.0000000000000000,0.0000000000000000)
 minimization
 iexit fmin     3           NaN
 ------------------------------------------------
 new Anderson parameters 
 ------------------------------------------------
 Eps(k) 
                        NaN
                        NaN
                        NaN
                        NaN
 V(k) 
                        NaN
                        NaN
                        NaN
                        NaN
         1.0000000000000000   #chemical potential
 ------------------------------------------------
 convergence parameter :               NaN
 ------------------------------------------------
    Iteration :            5
 ------------------------------------------------
 Threshold for n=   1.0000000000000000E-004
   10000000000000000.     
 Green-Function started
 Green-Function finished
 densimp =                        NaN
 for the 3D-cubic
 Variance =   0.50000000000000000      D =    1.2247448713915892     
 for the 3D-cubic
 Variance =   0.50000000000000000      D =    1.2247448713915892     
 for the 3D-cubic
 Variance =   0.50000000000000000      D =    1.2247448713915892     
 for the 3D-cubic
 Variance =   0.50000000000000000      D =    1.2247448713915892     
 for the 3D-cubic
 Variance =   0.50000000000000000      D =    1.2247448713915892     
 for the 3D-cubic
 Variance =   0.50000000000000000      D =    1.2247448713915892     
 for the 3D-cubic
 Variance =   0.50000000000000000      D =    1.2247448713915892     
 for the 3D-cubic
 Variance =   0.50000000000000000      D =    1.2247448713915892     
 for the 3D-cubic
 Variance =   0.50000000000000000      D =    1.2247448713915892     
 for the 3D-cubic
 for the 3D-cubic
 Variance =   0.50000000000000000      D =    1.2247448713915892     
 for the 3D-cubic
 Variance =   0.50000000000000000      D =    1.2247448713915892     
 for the 3D-cubic
 Variance =   0.50000000000000000      D =    1.2247448713915892     
 for the 3D-cubic
 Variance =   0.50000000000000000      D =    1.2247448713915892     
 for the 3D-cubic
 for the 3D-cubic
 Variance =   0.50000000000000000      D =    1.2247448713915892     
 for the 3D-cubic
 Variance =   0.50000000000000000      D =    1.2247448713915892     
 Variance =   0.50000000000000000      D =    1.2247448713915892     
 Variance =   0.50000000000000000      D =    1.2247448713915892     
 for the 3D-cubic
 Variance =   0.50000000000000000      D =    1.2247448713915892     
 for the 3D-cubic
 Variance =   0.50000000000000000      D =    1.2247448713915892     
 for the 3D-cubic
 SELF_CONSISTENCY LOOP
 for the 2D-cubic
 for the 3D-cubic
 Variance =   0.50000000000000000      D =    1.2247448713915892     
 Variance =   0.50000000000000000      D =    1.2247448713915892     
 for the 3D-cubic
 for the 3D-cubic
 Variance =   0.50000000000000000      D =    1.2247448713915892     
 for the 3D-cubic
 Variance =   0.50000000000000000      D =    1.2247448713915892     
 for the 3D-cubic
 Variance =   0.50000000000000000      D =    1.2247448713915892     
 for the 3D-cubic
 Variance =   0.50000000000000000      D =    1.2247448713915892     
 for the 3D-cubic
 Variance =   0.50000000000000000      D =    1.2247448713915892     
 Variance =   0.50000000000000000      D =    1.2247448713915892     
 for the 3D-cubic
 Variance =   0.50000000000000000      D =    1.2247448713915892     
 for the 3D-cubic
 Variance =   0.50000000000000000      D =    1.2247448713915892     
 for the 3D-cubic
 Variance =   0.50000000000000000      D =    1.2247448713915892     
 for the 3D-cubic
 for the 3D-cubic
 Variance =   0.50000000000000000      D =    1.2247448713915892     
 Variance =   0.50000000000000000      D =    1.2247448713915892     
 for the 3D-cubic
 Variance =   0.50000000000000000      D =    1.2247448713915892     
 for the 3D-cubic
 Variance =   0.50000000000000000      D =    1.2247448713915892     
 for the 3D-cubic
 for the 3D-cubic
 Variance =   0.50000000000000000      D =    1.2247448713915892     
 Variance =   0.50000000000000000      D =    1.2247448713915892     
 Difference to orbital 1 for orbital           2               (0.0000000000000000,0.0000000000000000)
 Difference to orbital 1 for orbital           3               (0.0000000000000000,0.0000000000000000)
 minimization
 iexit fmin     3           NaN
 ------------------------------------------------
 new Anderson parameters 
 ------------------------------------------------
 Eps(k) 
                        NaN
                        NaN
                        NaN
                        NaN
 V(k) 
                        NaN
                        NaN
                        NaN
                        NaN
         1.0000000000000000   #chemical potential
 ------------------------------------------------
 convergence parameter :               NaN
   10000000000000000.     
 Green-Function started
 Green-Function finished
 Real Green-Function started
 Real Green-Function finished
 Now computing Matsubara self-energy
 Pi is equal to    3.1415926535897931     
 Now computing self-energy on the real axis
 Average Double Occupancy :                       NaN
 ------------------------------------------------
 final Anderson parameters 
 ------------------------------------------------
 cut from the following line...
 Eps(k) 
                        NaN
                        NaN
                        NaN
                        NaN
 V(k) 
                        NaN
                        NaN
                        NaN
                        NaN
         1.0000000000000000   #chemical potential
 ...to the line above and copy into hubb.andpar
 ------------------------------------------------
 sig0 =                                              (NaN,NaN)
 zed =                        NaN
 DOSTEST=                       NaN
       End lisalanc 
                    ========================================
